<?xml version="1.0" encoding="UTF-8"?>
<!-- Generated by org.testng.reporters.JUnitReportReporter -->
<testsuite hostname="HP" failures="0" tests="3" name="Package3.Endtoend" time="21.509" errors="0" timestamp="2024-03-07T23:08:53 IST" skipped="0">
  <testcase classname="Package3.Endtoend" name="submitOrder" time="8.860"/>
  <system-out/>
  <testcase classname="Package3.Endtoend" name="OrderHistoryTest" time="5.070"/>
  <system-out/>
  <testcase classname="Package3.Endtoend" name="submitOrder" time="7.579"/>
  <system-out/>
</testsuite> <!-- Package3.Endtoend -->
